This is pdfTeX, Version 3.14159265-2.6-1.40.21 (MiKTeX 20.10) (preloaded format=pdflatex 2020.10.17)  19 OCT 2020 17:48
entering extended mode
**./refman.tex
(refman.tex
LaTeX2e <2020-10-01> patch level 1
L3 programming layer <2020-10-05> xparse <2020-03-03>
(C:\Users\15868\AppData\Local\Programs\MiKTeX\tex/latex/base\book.cls
Document Class: book 2020/04/10 v1.4m Standard LaTeX document class
(C:\Users\15868\AppData\Local\Programs\MiKTeX\tex/latex/base\bk10.clo
File: bk10.clo 2020/04/10 v1.4m Standard LaTeX file (size option)
)
\c@part=\count175
\c@chapter=\count176
\c@section=\count177
\c@subsection=\count178
\c@subsubsection=\count179
\c@paragraph=\count180
\c@subparagraph=\count181
\c@figure=\count182
\c@table=\count183
\abovecaptionskip=\skip47
\belowcaptionskip=\skip48
\bibindent=\dimen138
)
(C:\Users\15868\AppData\Local\Programs\MiKTeX\tex/latex/base\fixltx2e.sty
Package: fixltx2e 2016/12/29 v2.1a fixes to LaTeX (obsolete)
Applying: [2015/01/01] Old fixltx2e package on input line 46.


Package fixltx2e Warning: fixltx2e is not required with releases after 2015
(fixltx2e)                All fixes are now in the LaTeX kernel.
(fixltx2e)                See the latexrelease package for details.

Already applied: [0000/00/00] Old fixltx2e package on input line 53.
) (C:\Users\15868\AppData\Local\Programs\MiKTeX\tex/latex/tools\calc.sty
Package: calc 2017/05/25 v4.3 Infix arithmetic (KKT,FJ)
\calc@Acount=\count184
\calc@Bcount=\count185
\calc@Adimen=\dimen139
\calc@Bdimen=\dimen140
\calc@Askip=\skip49
\calc@Bskip=\skip50
LaTeX Info: Redefining \setlength on input line 80.
LaTeX Info: Redefining \addtolength on input line 81.
\calc@Ccount=\count186
\calc@Cskip=\skip51
)
(doxygen.sty
Package: doxygen 

(C:\Users\15868\AppData\Local\Programs\MiKTeX\tex/latex/base\alltt.sty
Package: alltt 1997/06/16 v2.0g defines alltt environment
)
(C:\Users\15868\AppData\Local\Programs\MiKTeX\tex/latex/tools\array.sty
Package: array 2019/08/31 v2.4l Tabular extension package (FMi)
\col@sep=\dimen141
\ar@mcellbox=\box47
\extrarowheight=\dimen142
\NC@list=\toks15
\extratabsurround=\skip52
\backup@length=\skip53
\ar@cellbox=\box48
)
(C:\Users\15868\AppData\Local\Programs\MiKTeX\tex/latex/float\float.sty
Package: float 2001/11/08 v1.3d Float enhancements (AL)
\c@float@type=\count187
\float@exts=\toks16
\float@box=\box49
\@float@everytoks=\toks17
\@floatcapt=\box50
)
(C:\Users\15868\AppData\Local\Programs\MiKTeX\tex/latex/base\ifthen.sty
Package: ifthen 2014/09/29 v1.1c Standard LaTeX ifthen package (DPC)
)
(C:\Users\15868\AppData\Local\Programs\MiKTeX\tex/latex/tools\verbatim.sty
Package: verbatim 2019/11/10 v1.5r LaTeX2e package for verbatim enhancements
\every@verbatim=\toks18
\verbatim@line=\toks19
\verbatim@in@stream=\read2
)
(C:\Users\15868\AppData\Local\Programs\MiKTeX\tex/latex/xcolor\xcolor.sty
Package: xcolor 2016/05/11 v2.12 LaTeX color extensions (UK)

(C:\Users\15868\AppData\Local\Programs\MiKTeX\tex/latex/graphics-cfg\color.cfg
File: color.cfg 2016/01/02 v1.6 sample color configuration
)
Package xcolor Info: Driver file: pdftex.def on input line 225.

(C:\Users\15868\AppData\Local\Programs\MiKTeX\tex/latex/graphics-def\pdftex.def
File: pdftex.def 2020/10/05 v1.2a Graphics/color driver for pdftex
) (C:\Users\15868\AppData\Local\Programs\MiKTeX\tex/latex/colortbl\colortbl.sty
Package: colortbl 2020/01/04 v1.0e Color table columns (DPC)
\everycr=\toks20
\minrowclearance=\skip54
)
\rownum=\count188
Package xcolor Info: Model `cmy' substituted by `cmy0' on input line 1348.
Package xcolor Info: Model `hsb' substituted by `rgb' on input line 1352.
Package xcolor Info: Model `RGB' extended on input line 1364.
Package xcolor Info: Model `HTML' substituted by `rgb' on input line 1366.
Package xcolor Info: Model `Hsb' substituted by `hsb' on input line 1367.
Package xcolor Info: Model `tHsb' substituted by `hsb' on input line 1368.
Package xcolor Info: Model `HSB' substituted by `hsb' on input line 1369.
Package xcolor Info: Model `Gray' substituted by `gray' on input line 1370.
Package xcolor Info: Model `wave' substituted by `hsb' on input line 1371.
) (C:\Users\15868\AppData\Local\Programs\MiKTeX\tex/latex/tools\longtable.sty
Package: longtable 2020/01/07 v4.13 Multi-page Table package (DPC)
\LTleft=\skip55
\LTright=\skip56
\LTpre=\skip57
\LTpost=\skip58
\LTchunksize=\count189
\LTcapwidth=\dimen143
\LT@head=\box51
\LT@firsthead=\box52
\LT@foot=\box53
\LT@lastfoot=\box54
\LT@cols=\count190
\LT@rows=\count191
\c@LT@tables=\count192
\c@LT@chunks=\count193
\LT@p@ftn=\toks21
) (C:\Users\15868\AppData\Local\Programs\MiKTeX\tex/latex/tabu\tabu.sty
Package: tabu 2019/01/11 v2.9 - flexible LaTeX tabulars (FC+tabu-fixed)

(C:\Users\15868\AppData\Local\Programs\MiKTeX\tex/latex/varwidth\varwidth.sty
Package: varwidth 2009/03/30 ver 0.92;  Variable-width minipages
\@vwid@box=\box55
\sift@deathcycles=\count194
\@vwid@loff=\dimen144
\@vwid@roff=\dimen145
)
\c@taburow=\count195
\tabu@nbcols=\count196
\tabu@cnt=\count197
\tabu@Xcol=\count198
\tabu@alloc=\count199
\tabu@nested=\count266
\tabu@target=\dimen146
\tabu@spreadtarget=\dimen147
\tabu@naturalX=\dimen148
\tabucolX=\dimen149
\tabu@Xsum=\dimen150
\extrarowdepth=\dimen151
\abovetabulinesep=\dimen152
\belowtabulinesep=\dimen153
\tabustrutrule=\dimen154
\tabu@thebody=\toks22
\tabu@footnotes=\toks23
\tabu@box=\box56
\tabu@arstrutbox=\box57
\tabu@hleads=\box58
\tabu@vleads=\box59
\tabu@cellskip=\skip59
) (C:\Users\15868\AppData\Local\Programs\MiKTeX\tex/latex/tools\tabularx.sty
Package: tabularx 2020/01/15 v2.11c `tabularx' package (DPC)
\TX@col@width=\dimen155
\TX@old@table=\dimen156
\TX@old@col=\dimen157
\TX@target=\dimen158
\TX@delta=\dimen159
\TX@cols=\count267
\TX@ftn=\toks24
)
(C:\Users\15868\AppData\Local\Programs\MiKTeX\tex/latex/multirow\multirow.sty
Package: multirow 2019/05/31 v2.5 Span multiple rows of a table
\multirow@colwidth=\skip60
\multirow@cntb=\count268
\multirow@dima=\skip61
\bigstrutjot=\dimen160
)
\xrefbox=\box60
\xreflength=\skip62
)
(C:\Users\15868\AppData\Local\Programs\MiKTeX\tex/latex/adjustbox\adjustbox.sty
Package: adjustbox 2020/08/19 v1.3 Adjusting TeX boxes (trim, clip, ...)
(C:\Users\15868\AppData\Local\Programs\MiKTeX\tex/latex/xkeyval\xkeyval.sty
Package: xkeyval 2014/12/03 v2.7a package option processing (HA)

(C:\Users\15868\AppData\Local\Programs\MiKTeX\tex/generic/xkeyval\xkeyval.tex
(C:\Users\15868\AppData\Local\Programs\MiKTeX\tex/generic/xkeyval\xkvutils.tex
\XKV@toks=\toks25
\XKV@tempa@toks=\toks26

(C:\Users\15868\AppData\Local\Programs\MiKTeX\tex/generic/xkeyval\keyval.tex))
\XKV@depth=\count269
File: xkeyval.tex 2014/12/03 v2.7a key=value parser (HA)
)) (C:\Users\15868\AppData\Local\Programs\MiKTeX\tex/latex/adjustbox\adjcalc.st
y
Package: adjcalc 2012/05/16 v1.1 Provides advanced setlength with multiple back
-ends (calc, etex, pgfmath)
)
(C:\Users\15868\AppData\Local\Programs\MiKTeX\tex/latex/adjustbox\trimclip.sty
Package: trimclip 2020/08/19 v1.2 Trim and clip general TeX material

(C:\Users\15868\AppData\Local\Programs\MiKTeX\tex/latex/graphics\graphicx.sty
Package: graphicx 2020/09/09 v1.2b Enhanced LaTeX Graphics (DPC,SPQR)

(C:\Users\15868\AppData\Local\Programs\MiKTeX\tex/latex/graphics\graphics.sty
Package: graphics 2020/08/30 v1.4c Standard LaTeX Graphics (DPC,SPQR)

(C:\Users\15868\AppData\Local\Programs\MiKTeX\tex/latex/graphics\trig.sty
Package: trig 2016/01/03 v1.10 sin cos tan (DPC)
)
(C:\Users\15868\AppData\Local\Programs\MiKTeX\tex/latex/graphics-cfg\graphics.c
fg
File: graphics.cfg 2016/06/04 v1.11 sample graphics configuration
)
Package graphics Info: Driver file: pdftex.def on input line 105.
)
\Gin@req@height=\dimen161
\Gin@req@width=\dimen162
)
(C:\Users\15868\AppData\Local\Programs\MiKTeX\tex/latex/collectbox\collectbox.s
ty
Package: collectbox 2012/05/17 v0.4b Collect macro arguments as boxes
\collectedbox=\box61
)
\tc@llx=\dimen163
\tc@lly=\dimen164
\tc@urx=\dimen165
\tc@ury=\dimen166
Package trimclip Info: Using driver 'tc-pdftex.def'.

(C:\Users\15868\AppData\Local\Programs\MiKTeX\tex/latex/adjustbox\tc-pdftex.def
File: tc-pdftex.def 2019/01/04 v2.2 Clipping driver for pdftex
))
\adjbox@Width=\dimen167
\adjbox@Height=\dimen168
\adjbox@Depth=\dimen169
\adjbox@Totalheight=\dimen170
\adjbox@pwidth=\dimen171
\adjbox@pheight=\dimen172
\adjbox@pdepth=\dimen173
\adjbox@ptotalheight=\dimen174

(C:\Users\15868\AppData\Local\Programs\MiKTeX\tex/latex/ifoddpage\ifoddpage.sty
Package: ifoddpage 2016/04/23 v1.1 Conditionals for odd/even page detection
\c@checkoddpage=\count270
)) (C:\Users\15868\AppData\Local\Programs\MiKTeX\tex/latex/base\inputenc.sty
Package: inputenc 2020/08/01 v1.3d Input encoding file
\inpenc@prehook=\toks27
\inpenc@posthook=\toks28
)
(C:\Users\15868\AppData\Local\Programs\MiKTeX\tex/latex/base\makeidx.sty
Package: makeidx 2014/09/29 v1.0m Standard LaTeX package
)
(C:\Users\15868\AppData\Local\Programs\MiKTeX\tex/latex/tools\multicol.sty
Package: multicol 2019/12/09 v1.8y multicolumn formatting (FMi)
\c@tracingmulticols=\count271
\mult@box=\box62
\multicol@leftmargin=\dimen175
\c@unbalance=\count272
\c@collectmore=\count273
\doublecol@number=\count274
\multicoltolerance=\count275
\multicolpretolerance=\count276
\full@width=\dimen176
\page@free=\dimen177
\premulticols=\dimen178
\postmulticols=\dimen179
\multicolsep=\skip63
\multicolbaselineskip=\skip64
\partial@page=\box63
\last@line=\box64
\maxbalancingoverflow=\dimen180
\mult@rightbox=\box65
\mult@grightbox=\box66
\mult@gfirstbox=\box67
\mult@firstbox=\box68
\@tempa=\box69
\@tempa=\box70
\@tempa=\box71
\@tempa=\box72
\@tempa=\box73
\@tempa=\box74
\@tempa=\box75
\@tempa=\box76
\@tempa=\box77
\@tempa=\box78
\@tempa=\box79
\@tempa=\box80
\@tempa=\box81
\@tempa=\box82
\@tempa=\box83
\@tempa=\box84
\@tempa=\box85
\@tempa=\box86
\@tempa=\box87
\@tempa=\box88
\@tempa=\box89
\@tempa=\box90
\@tempa=\box91
\@tempa=\box92
\@tempa=\box93
\@tempa=\box94
\@tempa=\box95
\@tempa=\box96
\@tempa=\box97
\@tempa=\box98
\@tempa=\box99
\@tempa=\box100
\@tempa=\box101
\@tempa=\box102
\@tempa=\box103
\@tempa=\box104
\@tempa=\box105
\c@minrows=\count277
\c@columnbadness=\count278
\c@finalcolumnbadness=\count279
\last@try=\dimen181
\multicolovershoot=\dimen182
\multicolundershoot=\dimen183
\mult@nat@firstbox=\box106
\colbreak@box=\box107
\mc@col@check@num=\count280
)
(C:\Users\15868\AppData\Local\Programs\MiKTeX\tex/latex/base\textcomp.sty
Package: textcomp 2020/02/02 v2.0n Standard LaTeX package
)
(C:\Users\15868\AppData\Local\Programs\MiKTeX\tex/latex/wasysym\wasysym.sty
Package: wasysym 2020/01/19 v2.4 Wasy-2 symbol support package
\symwasy=\mathgroup4
LaTeX Font Info:    Overwriting symbol font `wasy' in version `bold'
(Font)                  U/wasy/m/n --> U/wasy/b/n on input line 93.
)
(C:\Users\15868\AppData\Local\Programs\MiKTeX\tex/latex/base\fontenc.sty
Package: fontenc 2020/08/10 v2.0s Standard LaTeX package
)
(C:\Users\15868\AppData\Local\Programs\MiKTeX\tex/latex/psnfss\helvet.sty
Package: helvet 2020/03/25 PSNFSS-v9.3 (WaS) 
)
(C:\Users\15868\AppData\Local\Programs\MiKTeX\tex/latex/psnfss\courier.sty
Package: courier 2020/03/25 PSNFSS-v9.3 (WaS) 
)
(C:\Users\15868\AppData\Local\Programs\MiKTeX\tex/latex/amsfonts\amssymb.sty
Package: amssymb 2013/01/14 v3.01 AMS font symbols

(C:\Users\15868\AppData\Local\Programs\MiKTeX\tex/latex/amsfonts\amsfonts.sty
Package: amsfonts 2013/01/14 v3.01 Basic AMSFonts support
\@emptytoks=\toks29
\symAMSa=\mathgroup5
\symAMSb=\mathgroup6
LaTeX Font Info:    Redeclaring math symbol \hbar on input line 98.
LaTeX Font Info:    Overwriting math alphabet `\mathfrak' in version `bold'
(Font)                  U/euf/m/n --> U/euf/b/n on input line 106.
)) (C:\Users\15868\AppData\Local\Programs\MiKTeX\tex/latex/sectsty\sectsty.sty
Package: sectsty 2002/02/25 v2.0.2 Commands to change all sectional heading sty
les


LaTeX Warning: Command \underbar  has changed.
               Check if current package is valid.


LaTeX Warning: Command \underline  has changed.
               Check if current package is valid.

) (C:\Users\15868\AppData\Local\Programs\MiKTeX\tex/latex/geometry\geometry.sty
Package: geometry 2020/01/02 v5.9 Page Geometry
(C:\Users\15868\AppData\Local\Programs\MiKTeX\tex/generic/iftex\ifvtex.sty
Package: ifvtex 2019/10/25 v1.7 ifvtex legacy package. Use iftex instead.

(C:\Users\15868\AppData\Local\Programs\MiKTeX\tex/generic/iftex\iftex.sty
Package: iftex 2020/03/06 v1.0d TeX engine tests
))
\Gm@cnth=\count281
\Gm@cntv=\count282
\c@Gm@tempcnt=\count283
\Gm@bindingoffset=\dimen184
\Gm@wd@mp=\dimen185
\Gm@odd@mp=\dimen186
\Gm@even@mp=\dimen187
\Gm@layoutwidth=\dimen188
\Gm@layoutheight=\dimen189
\Gm@layouthoffset=\dimen190
\Gm@layoutvoffset=\dimen191
\Gm@dimlist=\toks30

(C:\Users\15868\AppData\Local\Programs\MiKTeX\tex/latex/geometry\geometry.cfg))
(C:\Users\15868\AppData\Local\Programs\MiKTeX\tex/latex/fancyhdr\fancyhdr.sty
Package: fancyhdr 2019/01/31 v3.10 Extensive control of page headers and footer
s
\f@nch@headwidth=\skip65
\f@nch@O@elh=\skip66
\f@nch@O@erh=\skip67
\f@nch@O@olh=\skip68
\f@nch@O@orh=\skip69
\f@nch@O@elf=\skip70
\f@nch@O@erf=\skip71
\f@nch@O@olf=\skip72
\f@nch@O@orf=\skip73
)
(C:\Users\15868\AppData\Local\Programs\MiKTeX\tex/latex/natbib\natbib.sty
Package: natbib 2010/09/13 8.31b (PWD, AO)
\bibhang=\skip74
\bibsep=\skip75
LaTeX Info: Redefining \cite on input line 694.
\c@NAT@ctr=\count284
)
(C:\Users\15868\AppData\Local\Programs\MiKTeX\tex/latex/tocloft\tocloft.sty
Package: tocloft 2017/08/31 v2.3i parameterised ToC, etc., typesetting
Package tocloft Info: The document has chapter divisions on input line 51.
\cftparskip=\skip76
\cftbeforetoctitleskip=\skip77
\cftaftertoctitleskip=\skip78
\cftbeforepartskip=\skip79
\cftpartnumwidth=\skip80
\cftpartindent=\skip81
\cftbeforechapskip=\skip82
\cftchapindent=\skip83
\cftchapnumwidth=\skip84
\cftbeforesecskip=\skip85
\cftsecindent=\skip86
\cftsecnumwidth=\skip87
\cftbeforesubsecskip=\skip88
\cftsubsecindent=\skip89
\cftsubsecnumwidth=\skip90
\cftbeforesubsubsecskip=\skip91
\cftsubsubsecindent=\skip92
\cftsubsubsecnumwidth=\skip93
\cftbeforeparaskip=\skip94
\cftparaindent=\skip95
\cftparanumwidth=\skip96
\cftbeforesubparaskip=\skip97
\cftsubparaindent=\skip98
\cftsubparanumwidth=\skip99
\cftbeforeloftitleskip=\skip100
\cftafterloftitleskip=\skip101
\cftbeforefigskip=\skip102
\cftfigindent=\skip103
\cftfignumwidth=\skip104
\c@lofdepth=\count285
\c@lotdepth=\count286
\cftbeforelottitleskip=\skip105
\cftafterlottitleskip=\skip106
\cftbeforetabskip=\skip107
\cfttabindent=\skip108
\cfttabnumwidth=\skip109
)
\@indexfile=\write3
\openout3 = `refman.idx'.


Writing index file refman.idx
(C:\Users\15868\AppData\Local\Programs\MiKTeX\tex/generic/iftex\ifpdf.sty
Package: ifpdf 2019/10/25 v3.4 ifpdf legacy package. Use iftex instead.
)
(C:\Users\15868\AppData\Local\Programs\MiKTeX\tex/latex/hyperref\hyperref.sty
Package: hyperref 2020-05-15 v7.00e Hypertext links for LaTeX

(C:\Users\15868\AppData\Local\Programs\MiKTeX\tex/generic/ltxcmds\ltxcmds.sty
Package: ltxcmds 2020-05-10 v1.25 LaTeX kernel commands for general use (HO)
)
(C:\Users\15868\AppData\Local\Programs\MiKTeX\tex/generic/pdftexcmds\pdftexcmds
.sty
Package: pdftexcmds 2020-06-27 v0.33 Utility functions of pdfTeX for LuaTeX (HO
)

(C:\Users\15868\AppData\Local\Programs\MiKTeX\tex/generic/infwarerr\infwarerr.s
ty
Package: infwarerr 2019/12/03 v1.5 Providing info/warning/error messages (HO)
)
Package pdftexcmds Info: \pdf@primitive is available.
Package pdftexcmds Info: \pdf@ifprimitive is available.
Package pdftexcmds Info: \pdfdraftmode found.
)
(C:\Users\15868\AppData\Local\Programs\MiKTeX\tex/generic/kvsetkeys\kvsetkeys.s
ty
Package: kvsetkeys 2019/12/15 v1.18 Key value parser (HO)
)
(C:\Users\15868\AppData\Local\Programs\MiKTeX\tex/generic/kvdefinekeys\kvdefine
keys.sty
Package: kvdefinekeys 2019-12-19 v1.6 Define keys (HO)
)
(C:\Users\15868\AppData\Local\Programs\MiKTeX\tex/generic/pdfescape\pdfescape.s
ty
Package: pdfescape 2019/12/09 v1.15 Implements pdfTeX's escape features (HO)
) (C:\Users\15868\AppData\Local\Programs\MiKTeX\tex/latex/hycolor\hycolor.sty
Package: hycolor 2020-01-27 v1.10 Color options for hyperref/bookmark (HO)
)
(C:\Users\15868\AppData\Local\Programs\MiKTeX\tex/latex/letltxmacro\letltxmacro
.sty
Package: letltxmacro 2019/12/03 v1.6 Let assignment for LaTeX macros (HO)
)
(C:\Users\15868\AppData\Local\Programs\MiKTeX\tex/latex/auxhook\auxhook.sty
Package: auxhook 2019-12-17 v1.6 Hooks for auxiliary files (HO)
)
(C:\Users\15868\AppData\Local\Programs\MiKTeX\tex/latex/kvoptions\kvoptions.sty
Package: kvoptions 2019/11/29 v3.13 Key value format for package options (HO)
)
\@linkdim=\dimen192
\Hy@linkcounter=\count287
\Hy@pagecounter=\count288
 (C:\Users\15868\AppData\Local\Programs\MiKTeX\tex/latex/hyperref\pd1enc.def
File: pd1enc.def 2020-05-15 v7.00e Hyperref: PDFDocEncoding definition (HO)
Now handling font encoding PD1 ...
... no UTF-8 mapping file for font encoding PD1
)
(C:\Users\15868\AppData\Local\Programs\MiKTeX\tex/generic/intcalc\intcalc.sty
Package: intcalc 2019/12/15 v1.3 Expandable calculations with integers (HO)
)
(C:\Users\15868\AppData\Local\Programs\MiKTeX\tex/generic/etexcmds\etexcmds.sty
Package: etexcmds 2019/12/15 v1.7 Avoid name clashes with e-TeX commands (HO)
)
\Hy@SavedSpaceFactor=\count289
Package hyperref Info: Hyper figures OFF on input line 4464.
Package hyperref Info: Link nesting OFF on input line 4469.
Package hyperref Info: Hyper index ON on input line 4472.
Package hyperref Info: Plain pages OFF on input line 4479.
Package hyperref Info: Backreferencing ON on input line 4482.
Package hyperref Info: Implicit mode ON; LaTeX internals redefined.
Package hyperref Info: Bookmarks ON on input line 4717.
 (C:\Users\15868\AppData\Local\Programs\MiKTeX\tex/latex/hyperref\backref.sty
Package: backref 2020/01/14 v1.40 Bibliographical back referencing

(C:\Users\15868\AppData\Local\Programs\MiKTeX\tex/latex/rerunfilecheck\rerunfil
echeck.sty
Package: rerunfilecheck 2019/12/05 v1.9 Rerun checks for auxiliary files (HO)

(C:\Users\15868\AppData\Local\Programs\MiKTeX\tex/latex/base\atveryend-ltx.sty
Package: atveryend-ltx 2020/08/19 v1.0a Emulation of the original atvery packag
e
with kernel methods
)
(C:\Users\15868\AppData\Local\Programs\MiKTeX\tex/generic/uniquecounter\uniquec
ounter.sty
Package: uniquecounter 2019/12/15 v1.4 Provide unlimited unique counter (HO)

(C:\Users\15868\AppData\Local\Programs\MiKTeX\tex/generic/bigintcalc\bigintcalc
.sty
Package: bigintcalc 2019/12/15 v1.5 Expandable calculations on big integers (HO
)
))
Package uniquecounter Info: New unique counter `rerunfilecheck' on input line 2
86.
))
\c@Hy@tempcnt=\count290
 (C:\Users\15868\AppData\Local\Programs\MiKTeX\tex/latex/url\url.sty
\Urlmuskip=\muskip16
Package: url 2013/09/16  ver 3.4  Verb mode for urls, etc.
)
LaTeX Info: Redefining \url on input line 5076.
\XeTeXLinkMargin=\dimen193

(C:\Users\15868\AppData\Local\Programs\MiKTeX\tex/generic/bitset\bitset.sty
Package: bitset 2019/12/09 v1.3 Handle bit-vector datatype (HO)
)
\Fld@menulength=\count291
\Field@Width=\dimen194
\Fld@charsize=\dimen195
Package hyperref Info: Hyper figures OFF on input line 6347.
Package hyperref Info: Link nesting OFF on input line 6352.
Package hyperref Info: Hyper index ON on input line 6355.
Package hyperref Info: backreferencing ON on input line 6360.
Package hyperref Info: Link coloring OFF on input line 6367.
Package hyperref Info: Link coloring with OCG OFF on input line 6372.
Package hyperref Info: PDF/A mode OFF on input line 6377.
LaTeX Info: Redefining \ref on input line 6417.
LaTeX Info: Redefining \pageref on input line 6421.

(C:\Users\15868\AppData\Local\Programs\MiKTeX\tex/latex/base\atbegshi-ltx.sty
Package: atbegshi-ltx 2020/08/17 v1.0a Emulation of the original atbegshi packa
ge
with kernel methods
)
\Hy@abspage=\count292
\c@Item=\count293
\c@Hfootnote=\count294
)
Package hyperref Info: Driver: hpdftex.
(C:\Users\15868\AppData\Local\Programs\MiKTeX\tex/latex/hyperref\hpdftex.def
File: hpdftex.def 2020-05-15 v7.00e Hyperref driver for pdfTeX
\Fld@listcount=\count295
\c@bookmark@seq@number=\count296
\Hy@SectionHShift=\skip110
)
Package hyperref Info: Option `colorlinks' set `true' on input line 105.
Package hyperref Info: Option `unicode' set `true' on input line 105.

(C:\Users\15868\AppData\Local\Programs\MiKTeX\tex/latex/hyperref\puenc.def
File: puenc.def 2020-05-15 v7.00e Hyperref: PDF Unicode definition (HO)
Now handling font encoding PU ...
... no UTF-8 mapping file for font encoding PU
)
(C:\Users\15868\AppData\Local\Programs\MiKTeX\tex/latex/caption\caption.sty
Package: caption 2020/09/12 v3.5b Customizing captions (AR)

(C:\Users\15868\AppData\Local\Programs\MiKTeX\tex/latex/caption\caption3.sty
Package: caption3 2020/09/17 v2.1b caption3 kernel (AR)
\captionmargin=\dimen196
\captionmargin@=\dimen197
\captionwidth=\dimen198
\caption@tempdima=\dimen199
\caption@indent=\dimen256
\caption@parindent=\dimen257
\caption@hangindent=\dimen258
Package caption Info: Standard document class detected.
)
\c@caption@flags=\count297
\c@continuedfloat=\count298
Package caption Info: float package is loaded.
Package caption Info: hyperref package is loaded.
Package caption Info: longtable package is loaded.

(C:\Users\15868\AppData\Local\Programs\MiKTeX\tex/latex/caption\ltcaption.sty
Package: ltcaption 2020/05/30 v1.4b longtable captions (AR)
))
LaTeX Font Info:    Trying to load font information for T1+phv on input line 11
7.
(C:\Users\15868\AppData\Local\Programs\MiKTeX\tex/latex/psnfss\t1phv.fd
File: t1phv.fd 2020/03/25 scalable font definitions for T1/phv.
)
LaTeX Font Info:    Font shape `T1/phv/m/n' will be
(Font)              scaled to size 8.99994pt on input line 117.

(C:\Users\15868\AppData\Local\Programs\MiKTeX\tex/latex/l3backend\l3backend-pdf
tex.def
File: l3backend-pdftex.def 2020-09-24 L3 backend support: PDF output (pdfTeX)
\l__kernel_color_stack_int=\count299
\l__pdf_internal_box=\box108
) (refman.aux)
\openout1 = `refman.aux'.

LaTeX Font Info:    Checking defaults for OML/cmm/m/it on input line 117.
LaTeX Font Info:    ... okay on input line 117.
LaTeX Font Info:    Checking defaults for OMS/cmsy/m/n on input line 117.
LaTeX Font Info:    ... okay on input line 117.
LaTeX Font Info:    Checking defaults for OT1/cmr/m/n on input line 117.
LaTeX Font Info:    ... okay on input line 117.
LaTeX Font Info:    Checking defaults for T1/cmr/m/n on input line 117.
LaTeX Font Info:    ... okay on input line 117.
LaTeX Font Info:    Checking defaults for TS1/cmr/m/n on input line 117.
LaTeX Font Info:    ... okay on input line 117.
LaTeX Font Info:    Checking defaults for OMX/cmex/m/n on input line 117.
LaTeX Font Info:    ... okay on input line 117.
LaTeX Font Info:    Checking defaults for U/cmr/m/n on input line 117.
LaTeX Font Info:    ... okay on input line 117.
LaTeX Font Info:    Checking defaults for PD1/pdf/m/n on input line 117.
LaTeX Font Info:    ... okay on input line 117.
LaTeX Font Info:    Checking defaults for PU/pdf/m/n on input line 117.
LaTeX Font Info:    ... okay on input line 117.

(C:\Users\15868\AppData\Local\Programs\MiKTeX\tex/context/base/mkii\supp-pdf.mk
ii
[Loading MPS to PDF converter (version 2006.09.02).]
\scratchcounter=\count300
\scratchdimen=\dimen259
\scratchbox=\box109
\nofMPsegments=\count301
\nofMParguments=\count302
\everyMPshowfont=\toks31
\MPscratchCnt=\count303
\MPscratchDim=\dimen260
\MPnumerator=\count304
\makeMPintoPDFobject=\count305
\everyMPtoPDFconversion=\toks32
)
(C:\Users\15868\AppData\Local\Programs\MiKTeX\tex/latex/epstopdf-pkg\epstopdf-b
ase.sty
Package: epstopdf-base 2020-01-24 v2.11 Base part for package epstopdf
Package epstopdf-base Info: Redefining graphics rule for `.eps' on input line 4
85.
)
*geometry* driver: auto-detecting
*geometry* detected driver: pdftex
*geometry* verbose mode - [ preamble ] result:
* driver: pdftex
* paper: a4paper
* layout: <same size as paper>
* layoutoffset:(h,v)=(0.0pt,0.0pt)
* modes: twoside 
* h-part:(L,W,R)=(71.13188pt, 455.24411pt, 71.13188pt)
* v-part:(T,H,B)=(71.13188pt, 702.78308pt, 71.13188pt)
* \paperwidth=597.50787pt
* \paperheight=845.04684pt
* \textwidth=455.24411pt
* \textheight=702.78308pt
* \oddsidemargin=-1.1381pt
* \evensidemargin=-1.1381pt
* \topmargin=-31.2056pt
* \headheight=12.0pt
* \headsep=18.06749pt
* \topskip=10.0pt
* \footskip=25.29494pt
* \marginparwidth=125.0pt
* \marginparsep=7.0pt
* \columnsep=10.0pt
* \skip\footins=9.0pt plus 4.0pt minus 2.0pt
* \hoffset=0.0pt
* \voffset=0.0pt
* \mag=1000
* \@twocolumnfalse
* \@twosidetrue
* \@mparswitchtrue
* \@reversemarginfalse
* (1in=72.27pt=25.4mm, 1cm=28.453pt)

Package hyperref Info: Link coloring ON on input line 117.
(C:\Users\15868\AppData\Local\Programs\MiKTeX\tex/latex/hyperref\nameref.sty
Package: nameref 2019/09/16 v2.46 Cross-referencing by name of section

(C:\Users\15868\AppData\Local\Programs\MiKTeX\tex/latex/refcount\refcount.sty
Package: refcount 2019/12/15 v3.6 Data extraction from label references (HO)
)
(C:\Users\15868\AppData\Local\Programs\MiKTeX\tex/generic/gettitlestring\gettit
lestring.sty
Package: gettitlestring 2019/12/15 v1.6 Cleanup title references (HO)
)
\c@section@level=\count306
)
LaTeX Info: Redefining \ref on input line 117.
LaTeX Info: Redefining \pageref on input line 117.
LaTeX Info: Redefining \nameref on input line 117.
 (refman.out) (refman.out)
\@outlinefile=\write4
\openout4 = `refman.out'.

Package backref Info: ** backref set up for natbib ** on input line 117.
Package caption Info: Begin \AtBeginDocument code.
Package caption Info: End \AtBeginDocument code.
Package hyperref Info: Option `pageanchor' set `false' on input line 123.
Package hyperref Info: Option `bookmarksnumbered' set `true' on input line 123.

Package hyperref Info: Option `unicode' set `true' on input line 123.
LaTeX Font Info:    Font shape `T1/phv/m/n' will be
(Font)              scaled to size 12.9599pt on input line 128.
LaTeX Font Info:    Font shape `T1/phv/m/n' will be
(Font)              scaled to size 6.29996pt on input line 128.
LaTeX Font Info:    Trying to load font information for U+wasy on input line 12
8.

(C:\Users\15868\AppData\Local\Programs\MiKTeX\tex/latex/wasysym\uwasy.fd
File: uwasy.fd 2020/01/19 v2.4 Wasy-2 symbol font definitions
)
LaTeX Font Info:    Trying to load font information for U+msa on input line 128
.

(C:\Users\15868\AppData\Local\Programs\MiKTeX\tex/latex/amsfonts\umsa.fd
File: umsa.fd 2013/01/14 v3.01 AMS symbols A
)
LaTeX Font Info:    Trying to load font information for U+msb on input line 128
.

(C:\Users\15868\AppData\Local\Programs\MiKTeX\tex/latex/amsfonts\umsb.fd
File: umsb.fd 2013/01/14 v3.01 AMS symbols B
)
LaTeX Font Info:    Font shape `T1/phv/m/n' will be
(Font)              scaled to size 10.79993pt on input line 128.

[1


{C:/Users/15868/AppData/Local/MiKTeX/pdftex/config/pdftex.map}] [2

]
LaTeX Font Info:    Font shape `T1/phv/m/n' will be
(Font)              scaled to size 22.39185pt on input line 135.
LaTeX Font Info:    Font shape `T1/phv/b/n' will be
(Font)              scaled to size 22.39185pt on input line 135.
LaTeX Font Info:    Font shape `T1/phv/bc/n' will be
(Font)              scaled to size 22.39185pt on input line 135.

(refman.toc
LaTeX Font Info:    Font shape `T1/phv/b/n' will be
(Font)              scaled to size 8.99994pt on input line 1.
LaTeX Font Info:    Font shape `T1/phv/m/n' will be
(Font)              scaled to size 7.19995pt on input line 15.
LaTeX Font Info:    Trying to load font information for T1+pcr on input line 15
.

(C:\Users\15868\AppData\Local\Programs\MiKTeX\tex/latex/psnfss\t1pcr.fd
File: t1pcr.fd 2001/06/04 font definitions for T1/pcr.
)
[1

])
\tf@toc=\write5
\openout5 = `refman.toc'.

LaTeX Font Info:    Font shape `T1/phv/b/n' will be
(Font)              scaled to size 6.29996pt on input line 136.
 [2]
Package hyperref Info: Option `pageanchor' set `true' on input line 138.

Chapter 1.
LaTeX Font Info:    Font shape `T1/phv/m/n' will be
(Font)              scaled to size 18.66588pt on input line 141.
LaTeX Font Info:    Font shape `T1/phv/b/n' will be
(Font)              scaled to size 18.66588pt on input line 141.
LaTeX Font Info:    Font shape `T1/phv/bc/n' will be
(Font)              scaled to size 18.66588pt on input line 141.
(index.tex
<Lab9Test1.1.png, id=358, 469.755pt x 264.23718pt>
File: Lab9Test1.1.png Graphic file (type png)
<use Lab9Test1.1.png>
Package pdftex.def Info: Lab9Test1.1.png  used on input line 3.
(pdftex.def)             Requested size: 483.69684pt x 272.07863pt.

Overfull \hbox (28.45273pt too wide) in paragraph at lines 3--4
 [] 
 []

<Lab9Test1.2.png, id=360, 469.755pt x 264.23718pt>
File: Lab9Test1.2.png Graphic file (type png)
<use Lab9Test1.2.png>
Package pdftex.def Info: Lab9Test1.2.png  used on input line 9.
(pdftex.def)             Requested size: 483.69684pt x 272.07863pt.

Overfull \hbox (28.45273pt too wide) in paragraph at lines 9--10
 [] 
 []


Underfull \vbox (badness 10000) has occurred while \output is active []

 [1


 <./Lab9Test1.1.png>]
<Lab9Test1.3.png, id=367, 469.755pt x 264.23718pt>
File: Lab9Test1.3.png Graphic file (type png)
<use Lab9Test1.3.png>
Package pdftex.def Info: Lab9Test1.3.png  used on input line 15.
(pdftex.def)             Requested size: 483.69684pt x 272.07863pt.

Overfull \hbox (28.45273pt too wide) in paragraph at lines 15--16
 [] 
 []

<Lab9Test1.4.png, id=368, 469.755pt x 264.23718pt>
File: Lab9Test1.4.png Graphic file (type png)
<use Lab9Test1.4.png>
Package pdftex.def Info: Lab9Test1.4.png  used on input line 21.
(pdftex.def)             Requested size: 483.69684pt x 272.07863pt.

Overfull \hbox (28.45273pt too wide) in paragraph at lines 21--22
 [] 
 []


Underfull \vbox (badness 5403) has occurred while \output is active []

 [2 <./Lab9Test1.2.png> <./Lab9Test1.3.png>]
<Lab9Test1.5.png, id=375, 469.755pt x 264.23718pt>
File: Lab9Test1.5.png Graphic file (type png)
<use Lab9Test1.5.png>
Package pdftex.def Info: Lab9Test1.5.png  used on input line 27.
(pdftex.def)             Requested size: 483.69684pt x 272.07863pt.

Overfull \hbox (28.45273pt too wide) in paragraph at lines 27--28
 [] 
 []

<Lab9Test2.png, id=376, 469.755pt x 264.23718pt>
File: Lab9Test2.png Graphic file (type png)
<use Lab9Test2.png>
Package pdftex.def Info: Lab9Test2.png  used on input line 33.
(pdftex.def)             Requested size: 483.69684pt x 272.07863pt.

Overfull \hbox (28.45273pt too wide) in paragraph at lines 33--34
 [] 
 []


Underfull \vbox (badness 5403) has occurred while \output is active []

 [3 <./Lab9Test1.4.png> <./Lab9Test1.5.png>]
<Lab9Test3.png, id=384, 469.755pt x 264.23718pt>
File: Lab9Test3.png Graphic file (type png)
<use Lab9Test3.png>
Package pdftex.def Info: Lab9Test3.png  used on input line 39.
(pdftex.def)             Requested size: 483.69684pt x 272.07863pt.

Overfull \hbox (28.45273pt too wide) in paragraph at lines 39--40
 [] 
 []

<Lab9Sheet1.png, id=385, 468.43005pt x 426.51344pt>
File: Lab9Sheet1.png Graphic file (type png)
<use Lab9Sheet1.png>
Package pdftex.def Info: Lab9Sheet1.png  used on input line 45.
(pdftex.def)             Requested size: 483.69684pt x 440.43315pt.

Overfull \hbox (28.45273pt too wide) in paragraph at lines 45--46
 [] 
 []


Underfull \vbox (badness 5403) has occurred while \output is active []

 [4 <./Lab9Test2.png> <./Lab9Test3.png>]
<Lab9Sheet2.png, id=392, 469.755pt x 423.62265pt>
File: Lab9Sheet2.png Graphic file (type png)
<use Lab9Sheet2.png>
Package pdftex.def Info: Lab9Sheet2.png  used on input line 51.
(pdftex.def)             Requested size: 483.69684pt x 436.194pt.

Overfull \hbox (28.45273pt too wide) in paragraph at lines 51--52
 [] 
 []


Underfull \vbox (badness 10000) has occurred while \output is active []

 [5 <./Lab9Sheet1.png>]
<Lab9Sheet3.png, id=398, 469.755pt x 310.15875pt>
File: Lab9Sheet3.png Graphic file (type png)
<use Lab9Sheet3.png>
Package pdftex.def Info: Lab9Sheet3.png  used on input line 57.
(pdftex.def)             Requested size: 483.69684pt x 319.36296pt.

Overfull \hbox (28.45273pt too wide) in paragraph at lines 57--58
 [] 
 []


Underfull \vbox (badness 10000) has occurred while \output is active []

 [6 <./Lab9Sheet2.png>]
<Lab9Sheet4.png, id=404, 469.755pt x 464.2143pt>
File: Lab9Sheet4.png Graphic file (type png)
<use Lab9Sheet4.png>
Package pdftex.def Info: Lab9Sheet4.png  used on input line 63.
(pdftex.def)             Requested size: 483.69684pt x 477.99022pt.

Overfull \hbox (28.45273pt too wide) in paragraph at lines 63--64
 [] 
 []


Underfull \vbox (badness 10000) has occurred while \output is active []

 [7 <./Lab9Sheet3.png>]
<Lab9Sheet5.png, id=410, 469.9959pt x 355.5684pt>
File: Lab9Sheet5.png Graphic file (type png)
<use Lab9Sheet5.png>
Package pdftex.def Info: Lab9Sheet5.png  used on input line 69.
(pdftex.def)             Requested size: 483.69684pt x 365.95198pt.

Overfull \hbox (28.45273pt too wide) in paragraph at lines 69--70
 [] 
 []


Underfull \vbox (badness 10000) has occurred while \output is active []

 [8 <./Lab9Sheet4.png>]
<Lab9Sheet6.png, id=416, 434.8245pt x 457.2282pt>
File: Lab9Sheet6.png Graphic file (type png)
<use Lab9Sheet6.png>
Package pdftex.def Info: Lab9Sheet6.png  used on input line 75.
(pdftex.def)             Requested size: 483.69684pt x 508.62465pt.

Overfull \hbox (28.45273pt too wide) in paragraph at lines 75--76
 [] 
 []


Underfull \vbox (badness 10000) has occurred while \output is active []

 [9 <./Lab9Sheet5.png>]
<Lab9Sheet7.png, id=423, 469.755pt x 326.1786pt>
File: Lab9Sheet7.png Graphic file (type png)
<use Lab9Sheet7.png>
Package pdftex.def Info: Lab9Sheet7.png  used on input line 81.
(pdftex.def)             Requested size: 483.69684pt x 335.8582pt.

Overfull \hbox (28.45273pt too wide) in paragraph at lines 81--82
 [] 
 []


Underfull \vbox (badness 10000) has occurred while \output is active []

 [10 <./Lab9Sheet6.png>]) [11 <./Lab9Sheet7.png>] [12

]
Chapter 2.
(annotated.tex
LaTeX Font Info:    Font shape `T1/phv/b/n' will be
(Font)              scaled to size 12.9599pt on input line 1.
LaTeX Font Info:    Font shape `T1/phv/bc/n' will be
(Font)              scaled to size 12.9599pt on input line 1.
) [13] [14

]
Chapter 3.
(files.tex) [15] [16

]
Chapter 4.
(struct_account_record.tex
LaTeX Font Info:    Font shape `T1/phv/bc/n' will be
(Font)              scaled to size 6.29996pt on input line 1.
LaTeX Font Info:    Font shape `T1/phv/b/n' will be
(Font)              scaled to size 10.79993pt on input line 3.
LaTeX Font Info:    Font shape `T1/phv/bc/n' will be
(Font)              scaled to size 10.79993pt on input line 3.
LaTeX Font Info:    Trying to load font information for TS1+phv on input line 6
.

(C:\Users\15868\AppData\Local\Programs\MiKTeX\tex/latex/psnfss\ts1phv.fd
File: ts1phv.fd 2020/03/25 scalable font definitions for TS1/phv.
)
LaTeX Font Info:    Font shape `TS1/phv/m/n' will be
(Font)              scaled to size 8.99994pt on input line 6.
LaTeX Font Info:    Font shape `T1/phv/bc/n' will be
(Font)              scaled to size 8.99994pt on input line 20.
)
(class_b_s_tree.tex

Package hyperref Warning: Token not allowed in a PDF string (Unicode):
(hyperref)                removing `math shift' on input line 1.


Package hyperref Warning: Token not allowed in a PDF string (Unicode):
(hyperref)                removing `math shift' on input line 1.


Package hyperref Warning: Token not allowed in a PDF string (Unicode):
(hyperref)                removing `math shift' on input line 1.


Package hyperref Warning: Token not allowed in a PDF string (Unicode):
(hyperref)                removing `math shift' on input line 1.

<class_b_s_tree__coll__graph.pdf, id=485, 269.005pt x 178.6675pt>
File: class_b_s_tree__coll__graph.pdf Graphic file (type pdf)
<use class_b_s_tree__coll__graph.pdf>
Package pdftex.def Info: class_b_s_tree__coll__graph.pdf  used on input line 14
.
(pdftex.def)             Requested size: 268.0pt x 178.00185pt.
[17] [18 <./class_b_s_tree__coll__graph.pdf>]
LaTeX Font Info:    Font shape `T1/phv/bc/n' will be
(Font)              scaled to size 7.19995pt on input line 85.


LaTeX Font Warning: Font shape `T1/pcr/bc/n' undefined
(Font)              using `T1/pcr/m/n' instead on input line 85.

LaTeX Font Info:    Font shape `T1/pcr/m/it' in size <8> not available
(Font)              Font shape `T1/pcr/m/sl' tried instead on input line 100.
LaTeX Font Info:    Font shape `T1/pcr/m/it' in size <7> not available
(Font)              Font shape `T1/pcr/m/sl' tried instead on input line 162.
[19] [20]
<class_b_s_tree_a3136c063de9adf6f55e524ad099df62f_icgraph.pdf, id=635, 233.8737
5pt x 100.375pt>
File: class_b_s_tree_a3136c063de9adf6f55e524ad099df62f_icgraph.pdf Graphic file
 (type pdf)
<use class_b_s_tree_a3136c063de9adf6f55e524ad099df62f_icgraph.pdf>
Package pdftex.def Info: class_b_s_tree_a3136c063de9adf6f55e524ad099df62f_icgra
ph.pdf  used on input line 276.
(pdftex.def)             Requested size: 233.0pt x 100.00562pt.
 [21 <./class_b_s_tree_a3136c063de9adf6f55e524ad099df62f_icgraph.pdf>] [22]
<class_b_s_tree_a464aa205470b150038ff35dfa01d89b8_icgraph.pdf, id=677, 240.9pt 
x 100.375pt>
File: class_b_s_tree_a464aa205470b150038ff35dfa01d89b8_icgraph.pdf Graphic file
 (type pdf)
<use class_b_s_tree_a464aa205470b150038ff35dfa01d89b8_icgraph.pdf>
Package pdftex.def Info: class_b_s_tree_a464aa205470b150038ff35dfa01d89b8_icgra
ph.pdf  used on input line 415.
(pdftex.def)             Requested size: 240.0pt x 100.00255pt.
 [23 <./class_b_s_tree_a464aa205470b150038ff35dfa01d89b8_icgraph.pdf>]
[24]
<class_b_s_tree_a0f0b3362a2b927092a464cb37edf59b3_icgraph.pdf, id=716, 252.945p
t x 100.375pt>
File: class_b_s_tree_a0f0b3362a2b927092a464cb37edf59b3_icgraph.pdf Graphic file
 (type pdf)
<use class_b_s_tree_a0f0b3362a2b927092a464cb37edf59b3_icgraph.pdf>
Package pdftex.def Info: class_b_s_tree_a0f0b3362a2b927092a464cb37edf59b3_icgra
ph.pdf  used on input line 536.
(pdftex.def)             Requested size: 252.0pt x 100.00255pt.
) (class_b_s_tree_1_1_b_s_tree_node.tex

Package hyperref Warning: Token not allowed in a PDF string (Unicode):
(hyperref)                removing `math shift' on input line 1.


Package hyperref Warning: Token not allowed in a PDF string (Unicode):
(hyperref)                removing `math shift' on input line 1.


Package hyperref Warning: Token not allowed in a PDF string (Unicode):
(hyperref)                removing `math shift' on input line 1.


Package hyperref Warning: Token not allowed in a PDF string (Unicode):
(hyperref)                removing `math shift' on input line 1.

<class_b_s_tree_1_1_b_s_tree_node__coll__graph.pdf, id=721, 263.98625pt x 111.4
1624pt>
File: class_b_s_tree_1_1_b_s_tree_node__coll__graph.pdf Graphic file (type pdf)

<use class_b_s_tree_1_1_b_s_tree_node__coll__graph.pdf>
Package pdftex.def Info: class_b_s_tree_1_1_b_s_tree_node__coll__graph.pdf  use
d on input line 14.
(pdftex.def)             Requested size: 263.0pt x 111.00624pt.
[25 <./class_b_s_tree_a0f0b3362a2b927092a464cb37edf59b3_icgraph.pdf>] [26 <./cl
ass_b_s_tree_1_1_b_s_tree_node__coll__graph.pdf>]) (struct_index_entry.tex)
[27] [28

]
Chapter 5.
(accounts_8txt.tex) (_b_s_tree_8cpp.tex
<_b_s_tree_8cpp__incl.pdf, id=796, 212.795pt x 212.795pt>
File: _b_s_tree_8cpp__incl.pdf Graphic file (type pdf)
<use _b_s_tree_8cpp__incl.pdf>
Package pdftex.def Info: _b_s_tree_8cpp__incl.pdf  used on input line 10.
(pdftex.def)             Requested size: 212.0pt x 212.01193pt.
<_b_s_tree_8cpp__dep__incl.pdf, id=797, 155.58125pt x 156.585pt>
File: _b_s_tree_8cpp__dep__incl.pdf Graphic file (type pdf)
<use _b_s_tree_8cpp__dep__incl.pdf>
Package pdftex.def Info: _b_s_tree_8cpp__dep__incl.pdf  used on input line 18.
(pdftex.def)             Requested size: 155.0pt x 156.00162pt.

Underfull \vbox (badness 2245) has occurred while \output is active []

 [29 <./_b_s_tree_8cpp__incl.pdf>]) (_b_s_tree_8h.tex
<_b_s_tree_8h__incl.pdf, id=814, 212.795pt x 156.585pt>
File: _b_s_tree_8h__incl.pdf Graphic file (type pdf)
<use _b_s_tree_8h__incl.pdf>
Package pdftex.def Info: _b_s_tree_8h__incl.pdf  used on input line 10.
(pdftex.def)             Requested size: 212.0pt x 156.00879pt.
<_b_s_tree_8h__dep__incl.pdf, id=815, 155.58125pt x 212.795pt>
File: _b_s_tree_8h__dep__incl.pdf Graphic file (type pdf)
<use _b_s_tree_8h__dep__incl.pdf>
Package pdftex.def Info: _b_s_tree_8h__dep__incl.pdf  used on input line 18.
(pdftex.def)             Requested size: 155.0pt x 212.0022pt.
 [30 <./_b_s_tree_8cpp__dep__incl.pdf> <./_b_s_tree_8h__incl.pdf

pdfTeX warning: pdflatex (file ./_b_s_tree_8h__incl.pdf): PDF inclusion: multip
le pdfs with page group included in a single page
>]) (database_8cpp.tex
<database_8cpp__incl.pdf, id=843, 233.87375pt x 269.005pt>
File: database_8cpp__incl.pdf Graphic file (type pdf)
<use database_8cpp__incl.pdf>
Package pdftex.def Info: database_8cpp__incl.pdf  used on input line 11.
(pdftex.def)             Requested size: 233.0pt x 268.01509pt.
 [31 <./_b_s_tree_8h__dep__incl.pdf> <./database_8cpp__incl.pdf

pdfTeX warning: pdflatex (file ./database_8cpp__incl.pdf): PDF inclusion: multi
ple pdfs with page group included in a single page
>] [32]
<database_8cpp_ae66f6b31b5ad750f1fe042a706a4e3d4_cgraph.pdf, id=893, 252.945pt 
x 176.66pt>
File: database_8cpp_ae66f6b31b5ad750f1fe042a706a4e3d4_cgraph.pdf Graphic file (
type pdf)
<use database_8cpp_ae66f6b31b5ad750f1fe042a706a4e3d4_cgraph.pdf>
Package pdftex.def Info: database_8cpp_ae66f6b31b5ad750f1fe042a706a4e3d4_cgraph
.pdf  used on input line 109.
(pdftex.def)             Requested size: 252.0pt x 176.00452pt.
) (_r_e_a_d_m_e2_8md.tex) [33 <./database_8cpp_ae66f6b31b5ad750f1fe042a706a4e3d
4_cgraph.pdf>] [34

] (refman.ind [35


] [36

]) (refman.aux)
Package rerunfilecheck Info: File `refman.out' has not changed.
(rerunfilecheck)             Checksum: 200953F8AD4C7F10AE64A5CFDF72397C;12888.


LaTeX Font Warning: Some font shapes were not available, defaults substituted.

 ) 
Here is how much of TeX's memory you used:
 15443 strings out of 480236
 236470 string characters out of 2880557
 550646 words of memory out of 3000000
 31502 multiletter control sequences out of 15000+200000
 591327 words of font info for 102 fonts, out of 3000000 for 9000
 1141 hyphenation exceptions out of 8191
 83i,16n,111p,746b,514s stack positions out of 5000i,500n,10000p,200000b,50000s
{C:/Users/15868/AppData/Local/Programs/MiKTeX/fonts/enc/dvips/base/8r.enc}<C:
/Users/15868/AppData/Local/Programs/MiKTeX/fonts/type1/public/amsfonts/cm/cmmi1
0.pfb><C:/Users/15868/AppData/Local/Programs/MiKTeX/fonts/type1/public/amsfonts
/cm/cmmi12.pfb><C:/Users/15868/AppData/Local/Programs/MiKTeX/fonts/type1/public
/amsfonts/cm/cmmi8.pfb><C:/Users/15868/AppData/Local/Programs/MiKTeX/fonts/type
1/public/amsfonts/cm/cmsy10.pfb><C:/Users/15868/AppData/Local/Programs/MiKTeX/f
onts/type1/public/amsfonts/cm/cmsy7.pfb><C:/Users/15868/AppData/Local/Programs/
MiKTeX/fonts/type1/public/amsfonts/cm/cmsy8.pfb><C:/Users/15868/AppData/Local/P
rograms/MiKTeX/fonts/type1/urw/courier/ucrr8a.pfb><C:/Users/15868/AppData/Local
/Programs/MiKTeX/fonts/type1/urw/courier/ucrro8a.pfb><C:/Users/15868/AppData/Lo
cal/Programs/MiKTeX/fonts/type1/urw/helvetic/uhvb8a.pfb><C:/Users/15868/AppData
/Local/Programs/MiKTeX/fonts/type1/urw/helvetic/uhvb8ac.pfb><C:/Users/15868/App
Data/Local/Programs/MiKTeX/fonts/type1/urw/helvetic/uhvr8a.pfb>
Output written on refman.pdf (40 pages, 3775233 bytes).
PDF statistics:
 1082 PDF objects out of 1200 (max. 8388607)
 179 named destinations out of 1000 (max. 500000)
 662 words of extra memory for PDF output out of 10000 (max. 10000000)

